*** Starting uWSGI 2.0.18 (64bit) on [Fri May 24 16:39:53 2019] ***
compiled with version: 4.2.1 Compatible Apple LLVM 9.1.0 (clang-902.0.39.2) on 19 April 2019 16:11:36
os: Darwin-17.7.0 Darwin Kernel Version 17.7.0: Thu Jun 21 22:53:14 PDT 2018; root:xnu-4570.71.2~1/RELEASE_X86_64
nodename: GreenDandeMacBook-Pro.local
machine: x86_64
clock source: unix
detected number of CPU cores: 4
current working directory: /Users/greendan/PycharmProjects/myTravel/script
writing pidfile to /Users/greendan/PycharmProjects/myTravel/script/uwsgi.pid
detected binary path: /usr/local/bin/uwsgi
!!! no internal routing support, rebuild with pcre support !!!
chdir() to /Users/greendan/PycharmProjects/myTravel
your processes number limit is 1773
your memory page size is 4096 bytes
detected max file descriptor number: 10240
building mime-types dictionary from file /etc/apache2/mime.types...1003 entry found
lock engine: OSX spinlocks
thunder lock: enabled
uWSGI http bound on 127.0.0.1:8080 fd 3
uwsgi socket 0 bound to UNIX address /Users/greendan/PycharmProjects/myTravel/script/uwsgi.sock fd 6
Python version: 3.7.3 (default, Mar 27 2019, 09:23:39)  [Clang 10.0.0 (clang-1000.11.45.5)]
Python main interpreter initialized at 0x7fc0e741a630
python threads support enabled
your server socket listen backlog is limited to 100 connections
your mercy for graceful operations on workers is 60 seconds
mapped 486480 bytes (475 KB) for 5 cores
*** Operational MODE: preforking ***
unable to load app 0 (mountpoint='') (callable not found or import error)
*** no app loaded. going in full dynamic mode ***
*** uWSGI is running in multiple interpreter mode ***
spawned uWSGI master process (pid: 35455)
spawned uWSGI worker 1 (pid: 35480, cores: 1)
spawned uWSGI worker 2 (pid: 35481, cores: 1)
spawned uWSGI worker 3 (pid: 35482, cores: 1)
spawned uWSGI worker 4 (pid: 35483, cores: 1)
spawned uWSGI worker 5 (pid: 35484, cores: 1)
spawned uWSGI http 1 (pid: 35485)
--- no python application found, check your startup logs for errors ---
[pid: 35480|app: -1|req: -1/1] 127.0.0.1 () {40 vars in 943 bytes} [Fri May 24 16:41:52 2019] GET /media/%7B%7B%20article.article_img%20%7D%7D => generated 21 bytes in 0 msecs (HTTP/1.1 500) 2 headers in 83 bytes (0 switches on core 0)
*** Starting uWSGI 2.0.18 (64bit) on [Fri May 24 16:42:14 2019] ***
compiled with version: 4.2.1 Compatible Apple LLVM 9.1.0 (clang-902.0.39.2) on 19 April 2019 16:11:36
os: Darwin-17.7.0 Darwin Kernel Version 17.7.0: Thu Jun 21 22:53:14 PDT 2018; root:xnu-4570.71.2~1/RELEASE_X86_64
nodename: GreenDandeMacBook-Pro.local
machine: x86_64
clock source: unix
detected number of CPU cores: 4
current working directory: /Users/greendan/PycharmProjects/myTravel/script
writing pidfile to /Users/greendan/PycharmProjects/myTravel/script/uwsgi.pid
detected binary path: /usr/local/bin/uwsgi
!!! no internal routing support, rebuild with pcre support !!!
chdir() to /Users/greendan/PycharmProjects/myTravel
your processes number limit is 1773
your memory page size is 4096 bytes
detected max file descriptor number: 10240
building mime-types dictionary from file /etc/apache2/mime.types...1003 entry found
lock engine: OSX spinlocks
thunder lock: enabled
uWSGI http bound on 127.0.0.1:8000 fd 3
uwsgi socket 0 bound to UNIX address /Users/greendan/PycharmProjects/myTravel/script/uwsgi.sock fd 6
Python version: 3.7.3 (default, Mar 27 2019, 09:23:39)  [Clang 10.0.0 (clang-1000.11.45.5)]
Python main interpreter initialized at 0x7f80dfc1a720
python threads support enabled
your server socket listen backlog is limited to 100 connections
your mercy for graceful operations on workers is 60 seconds
mapped 486480 bytes (475 KB) for 5 cores
*** Operational MODE: preforking ***
unable to load app 0 (mountpoint='') (callable not found or import error)
*** no app loaded. going in full dynamic mode ***
*** uWSGI is running in multiple interpreter mode ***
spawned uWSGI master process (pid: 35607)
spawned uWSGI worker 1 (pid: 35632, cores: 1)
spawned uWSGI worker 2 (pid: 35633, cores: 1)
spawned uWSGI worker 3 (pid: 35634, cores: 1)
spawned uWSGI worker 4 (pid: 35635, cores: 1)
spawned uWSGI worker 5 (pid: 35636, cores: 1)
spawned uWSGI http 1 (pid: 35637)
--- no python application found, check your startup logs for errors ---
[pid: 35632|app: -1|req: -1/1] 127.0.0.1 () {44 vars in 1044 bytes} [Fri May 24 16:49:08 2019] GET / => generated 21 bytes in 0 msecs (HTTP/1.1 500) 2 headers in 83 bytes (0 switches on core 0)
--- no python application found, check your startup logs for errors ---
[pid: 35632|app: -1|req: -1/2] 127.0.0.1 () {40 vars in 952 bytes} [Fri May 24 16:49:09 2019] GET / => generated 21 bytes in 0 msecs (HTTP/1.1 500) 2 headers in 83 bytes (0 switches on core 0)
--- no python application found, check your startup logs for errors ---
[pid: 35632|app: -1|req: -1/3] 127.0.0.1 () {40 vars in 945 bytes} [Fri May 24 16:52:55 2019] GET / => generated 21 bytes in 0 msecs (HTTP/1.1 500) 2 headers in 83 bytes (0 switches on core 0)
--- no python application found, check your startup logs for errors ---
[pid: 35632|app: -1|req: -1/4] 127.0.0.1 () {40 vars in 952 bytes} [Fri May 24 16:53:01 2019] GET / => generated 21 bytes in 0 msecs (HTTP/1.1 500) 2 headers in 83 bytes (0 switches on core 0)
--- no python application found, check your startup logs for errors ---
[pid: 35632|app: -1|req: -1/5] 127.0.0.1 () {40 vars in 952 bytes} [Fri May 24 16:53:02 2019] GET / => generated 21 bytes in 0 msecs (HTTP/1.1 500) 2 headers in 83 bytes (0 switches on core 0)
--- no python application found, check your startup logs for errors ---
[pid: 35632|app: -1|req: -1/6] 127.0.0.1 () {38 vars in 921 bytes} [Fri May 24 16:53:12 2019] GET / => generated 21 bytes in 0 msecs (HTTP/1.1 500) 2 headers in 83 bytes (0 switches on core 0)
--- no python application found, check your startup logs for errors ---
[pid: 35632|app: -1|req: -1/7] 127.0.0.1 () {40 vars in 945 bytes} [Fri May 24 16:53:16 2019] GET / => generated 21 bytes in 0 msecs (HTTP/1.1 500) 2 headers in 83 bytes (0 switches on core 0)
*** Starting uWSGI 2.0.18 (64bit) on [Fri May 24 16:53:38 2019] ***
compiled with version: 4.2.1 Compatible Apple LLVM 9.1.0 (clang-902.0.39.2) on 19 April 2019 16:11:36
os: Darwin-17.7.0 Darwin Kernel Version 17.7.0: Thu Jun 21 22:53:14 PDT 2018; root:xnu-4570.71.2~1/RELEASE_X86_64
nodename: GreenDandeMBP
machine: x86_64
clock source: unix
detected number of CPU cores: 4
current working directory: /Users/greendan/PycharmProjects/myTravel/script
writing pidfile to /Users/greendan/PycharmProjects/myTravel/script/uwsgi.pid
detected binary path: /usr/local/bin/uwsgi
!!! no internal routing support, rebuild with pcre support !!!
chdir() to /Users/greendan/PycharmProjects/myTravel
your processes number limit is 1773
your memory page size is 4096 bytes
detected max file descriptor number: 10240
building mime-types dictionary from file /etc/apache2/mime.types...1003 entry found
lock engine: OSX spinlocks
thunder lock: enabled
probably another instance of uWSGI is running on the same address (127.0.0.1:8000).
bind(): Address already in use [core/socket.c line 769]
--- no python application found, check your startup logs for errors ---
[pid: 35632|app: -1|req: -1/8] 127.0.0.1 () {38 vars in 921 bytes} [Fri May 24 16:53:44 2019] GET / => generated 21 bytes in 0 msecs (HTTP/1.1 500) 2 headers in 83 bytes (0 switches on core 0)
--- no python application found, check your startup logs for errors ---
[pid: 35632|app: -1|req: -1/9] 127.0.0.1 () {40 vars in 952 bytes} [Fri May 24 16:53:45 2019] GET / => generated 21 bytes in 0 msecs (HTTP/1.1 500) 2 headers in 83 bytes (0 switches on core 0)
--- no python application found, check your startup logs for errors ---
[pid: 35632|app: -1|req: -1/10] 127.0.0.1 () {40 vars in 952 bytes} [Fri May 24 16:53:45 2019] GET / => generated 21 bytes in 0 msecs (HTTP/1.1 500) 2 headers in 83 bytes (0 switches on core 0)
--- no python application found, check your startup logs for errors ---
[pid: 35632|app: -1|req: -1/11] 127.0.0.1 () {40 vars in 952 bytes} [Fri May 24 16:53:46 2019] GET / => generated 21 bytes in 0 msecs (HTTP/1.1 500) 2 headers in 83 bytes (0 switches on core 0)
--- no python application found, check your startup logs for errors ---
[pid: 35632|app: -1|req: -1/12] 127.0.0.1 () {38 vars in 921 bytes} [Fri May 24 16:53:54 2019] GET / => generated 21 bytes in 0 msecs (HTTP/1.1 500) 2 headers in 83 bytes (0 switches on core 0)
--- no python application found, check your startup logs for errors ---
[pid: 35632|app: -1|req: -1/13] 127.0.0.1 () {40 vars in 952 bytes} [Fri May 24 16:53:56 2019] GET / => generated 21 bytes in 0 msecs (HTTP/1.1 500) 2 headers in 83 bytes (0 switches on core 0)
--- no python application found, check your startup logs for errors ---
[pid: 35632|app: -1|req: -1/14] 127.0.0.1 () {40 vars in 952 bytes} [Fri May 24 16:53:57 2019] GET / => generated 21 bytes in 0 msecs (HTTP/1.1 500) 2 headers in 83 bytes (0 switches on core 0)
--- no python application found, check your startup logs for errors ---
[pid: 35632|app: -1|req: -1/15] 127.0.0.1 () {40 vars in 952 bytes} [Fri May 24 16:53:57 2019] GET / => generated 21 bytes in 0 msecs (HTTP/1.1 500) 2 headers in 83 bytes (0 switches on core 0)
--- no python application found, check your startup logs for errors ---
[pid: 35632|app: -1|req: -1/16] 127.0.0.1 () {40 vars in 952 bytes} [Fri May 24 16:53:57 2019] GET / => generated 21 bytes in 0 msecs (HTTP/1.1 500) 2 headers in 83 bytes (0 switches on core 0)
--- no python application found, check your startup logs for errors ---
[pid: 35632|app: -1|req: -1/17] 127.0.0.1 () {40 vars in 952 bytes} [Fri May 24 16:54:48 2019] GET / => generated 21 bytes in 0 msecs (HTTP/1.1 500) 2 headers in 83 bytes (0 switches on core 0)
--- no python application found, check your startup logs for errors ---
[pid: 35632|app: -1|req: -1/18] 127.0.0.1 () {38 vars in 921 bytes} [Fri May 24 16:54:53 2019] GET / => generated 21 bytes in 0 msecs (HTTP/1.1 500) 2 headers in 83 bytes (0 switches on core 0)
--- no python application found, check your startup logs for errors ---
[pid: 35632|app: -1|req: -1/19] 127.0.0.1 () {40 vars in 952 bytes} [Fri May 24 16:55:26 2019] GET / => generated 21 bytes in 0 msecs (HTTP/1.1 500) 2 headers in 83 bytes (0 switches on core 0)
--- no python application found, check your startup logs for errors ---
[pid: 35632|app: -1|req: -1/20] 127.0.0.1 () {40 vars in 952 bytes} [Fri May 24 16:55:27 2019] GET / => generated 21 bytes in 0 msecs (HTTP/1.1 500) 2 headers in 83 bytes (0 switches on core 0)
--- no python application found, check your startup logs for errors ---
[pid: 35632|app: -1|req: -1/21] 127.0.0.1 () {40 vars in 952 bytes} [Fri May 24 16:56:11 2019] GET / => generated 21 bytes in 0 msecs (HTTP/1.1 500) 2 headers in 83 bytes (0 switches on core 0)
--- no python application found, check your startup logs for errors ---
[pid: 35632|app: -1|req: -1/22] 127.0.0.1 () {40 vars in 952 bytes} [Fri May 24 16:56:23 2019] GET / => generated 21 bytes in 1 msecs (HTTP/1.1 500) 2 headers in 83 bytes (0 switches on core 0)
--- no python application found, check your startup logs for errors ---
[pid: 35632|app: -1|req: -1/23] 127.0.0.1 () {38 vars in 921 bytes} [Fri May 24 16:56:39 2019] GET / => generated 21 bytes in 0 msecs (HTTP/1.1 500) 2 headers in 83 bytes (0 switches on core 0)
--- no python application found, check your startup logs for errors ---
[pid: 35632|app: -1|req: -1/24] 127.0.0.1 () {40 vars in 952 bytes} [Fri May 24 16:57:44 2019] GET / => generated 21 bytes in 0 msecs (HTTP/1.1 500) 2 headers in 83 bytes (0 switches on core 0)
--- no python application found, check your startup logs for errors ---
[pid: 35632|app: -1|req: -1/25] 127.0.0.1 () {38 vars in 921 bytes} [Fri May 24 16:57:48 2019] GET / => generated 21 bytes in 0 msecs (HTTP/1.1 500) 2 headers in 83 bytes (0 switches on core 0)
--- no python application found, check your startup logs for errors ---
[pid: 35632|app: -1|req: -1/26] 127.0.0.1 () {38 vars in 921 bytes} [Fri May 24 16:58:00 2019] GET / => generated 21 bytes in 0 msecs (HTTP/1.1 500) 2 headers in 83 bytes (0 switches on core 0)
*** Starting uWSGI 2.0.18 (64bit) on [Fri May 24 16:59:51 2019] ***
compiled with version: 4.2.1 Compatible Apple LLVM 9.1.0 (clang-902.0.39.2) on 19 April 2019 16:11:36
os: Darwin-17.7.0 Darwin Kernel Version 17.7.0: Thu Jun 21 22:53:14 PDT 2018; root:xnu-4570.71.2~1/RELEASE_X86_64
nodename: GreenDandeMBP
machine: x86_64
clock source: unix
detected number of CPU cores: 4
current working directory: /Users/greendan/PycharmProjects/myTravel/script
writing pidfile to /Users/greendan/PycharmProjects/myTravel/script/uwsgi.pid
detected binary path: /usr/local/bin/uwsgi
!!! no internal routing support, rebuild with pcre support !!!
chdir() to /Users/greendan/PycharmProjects/myTravel
your processes number limit is 1773
your memory page size is 4096 bytes
detected max file descriptor number: 10240
building mime-types dictionary from file /etc/apache2/mime.types...1003 entry found
lock engine: OSX spinlocks
thunder lock: enabled
probably another instance of uWSGI is running on the same address (127.0.0.1:8000).
bind(): Address already in use [core/socket.c line 769]
--- no python application found, check your startup logs for errors ---
[pid: 35632|app: -1|req: -1/27] 127.0.0.1 () {40 vars in 945 bytes} [Fri May 24 17:00:04 2019] GET / => generated 21 bytes in 0 msecs (HTTP/1.1 500) 2 headers in 83 bytes (0 switches on core 0)
gateway "uWSGI http 1" has been buried (pid: 35637)
...brutally killing workers...
gateway "uWSGI http 1" has been buried (pid: 35485)
...brutally killing workers...
worker 5 buried after 1 seconds
worker 4 buried after 1 seconds
worker 3 buried after 1 seconds
worker 2 buried after 1 seconds
[deadlock-detector] pid 35632 was holding lock thunder (0x107a1b000)
worker 1 buried after 1 seconds
binary reloading uWSGI...
chdir() to /Users/greendan/PycharmProjects/myTravel/script
closing all non-uwsgi socket fds > 2 (max_fd = 10240)...
found fd 6 mapped to socket 0 (/Users/greendan/PycharmProjects/myTravel/script/uwsgi.sock)
running /usr/local/bin/uwsgi
worker 5 buried after 1 seconds
worker 4 buried after 1 seconds
worker 3 buried after 1 seconds
worker 2 buried after 1 seconds
[deadlock-detector] pid 35480 was holding lock thunder (0x106beb000)
worker 1 buried after 1 seconds
binary reloading uWSGI...
chdir() to /Users/greendan/PycharmProjects/myTravel/script
closing all non-uwsgi socket fds > 2 (max_fd = 10240)...
found fd 6 mapped to socket 0 (/Users/greendan/PycharmProjects/myTravel/script/uwsgi.sock)
[uWSGI] getting INI configuration from uwsgi.ini
[uwsgi-static] added mapping for /static => /Users/greendan/PycharmProjects/myTravel/static
*** Starting uWSGI 2.0.18 (64bit) on [Fri May 24 17:00:37 2019] ***
compiled with version: 4.2.1 Compatible Apple LLVM 9.1.0 (clang-902.0.39.2) on 19 April 2019 16:11:36
os: Darwin-17.7.0 Darwin Kernel Version 17.7.0: Thu Jun 21 22:53:14 PDT 2018; root:xnu-4570.71.2~1/RELEASE_X86_64
nodename: GreenDandeMBP
machine: x86_64
clock source: unix
detected number of CPU cores: 4
current working directory: /Users/greendan/PycharmProjects/myTravel/script
detected binary path: /usr/local/bin/uwsgi
!!! no internal routing support, rebuild with pcre support !!!
chdir() to /Users/greendan/PycharmProjects/myTravel
your processes number limit is 1773
your memory page size is 4096 bytes
detected max file descriptor number: 10240
building mime-types dictionary from file /etc/apache2/mime.types...running /usr/local/bin/uwsgi
1003 entry found
lock engine: OSX spinlocks
thunder lock: enabled
uWSGI http bound on 127.0.0.1:8000 fd 3
uwsgi socket 0 inherited UNIX address /Users/greendan/PycharmProjects/myTravel/script/uwsgi.sock fd 6
[uWSGI] getting INI configuration from uwsgi.ini
[uwsgi-static] added mapping for /static => /Users/greendan/PycharmProjects/myTravel/static
*** Starting uWSGI 2.0.18 (64bit) on [Fri May 24 17:00:37 2019] ***
compiled with version: 4.2.1 Compatible Apple LLVM 9.1.0 (clang-902.0.39.2) on 19 April 2019 16:11:36
os: Darwin-17.7.0 Darwin Kernel Version 17.7.0: Thu Jun 21 22:53:14 PDT 2018; root:xnu-4570.71.2~1/RELEASE_X86_64
nodename: GreenDandeMBP
machine: x86_64
clock source: unix
detected number of CPU cores: 4
current working directory: /Users/greendan/PycharmProjects/myTravel/script
detected binary path: /usr/local/bin/uwsgi
!!! no internal routing support, rebuild with pcre support !!!
chdir() to /Users/greendan/PycharmProjects/myTravel
your processes number limit is 1773
your memory page size is 4096 bytes
detected max file descriptor number: 10240
building mime-types dictionary from file /etc/apache2/mime.types...1003 entry found
lock engine: OSX spinlocks
thunder lock: enabled
probably another instance of uWSGI is running on the same address (127.0.0.1:8000).
bind(): Address already in use [core/socket.c line 769]
VACUUM: pidfile removed.
Python version: 3.7.3 (default, Mar 27 2019, 09:23:39)  [Clang 10.0.0 (clang-1000.11.45.5)]
Python main interpreter initialized at 0x7fa88d41b0c0
python threads support enabled
your server socket listen backlog is limited to 100 connections
your mercy for graceful operations on workers is 60 seconds
mapped 405400 bytes (395 KB) for 4 cores
*** Operational MODE: preforking ***
unable to load app 0 (mountpoint='') (callable not found or import error)
*** no app loaded. going in full dynamic mode ***
*** uWSGI is running in multiple interpreter mode ***
gracefully (RE)spawned uWSGI master process (pid: 35607)
spawned uWSGI worker 1 (pid: 36779, cores: 1)
spawned uWSGI worker 2 (pid: 36780, cores: 1)
spawned uWSGI worker 3 (pid: 36781, cores: 1)
spawned uWSGI worker 4 (pid: 36782, cores: 1)
spawned uWSGI http 1 (pid: 36783)
*** Starting uWSGI 2.0.18 (64bit) on [Fri May 24 17:03:29 2019] ***
compiled with version: 4.2.1 Compatible Apple LLVM 9.1.0 (clang-902.0.39.2) on 19 April 2019 16:11:36
os: Darwin-17.7.0 Darwin Kernel Version 17.7.0: Thu Jun 21 22:53:14 PDT 2018; root:xnu-4570.71.2~1/RELEASE_X86_64
nodename: GreenDandeMBP
machine: x86_64
clock source: unix
detected number of CPU cores: 4
current working directory: /Users/greendan/PycharmProjects/myTravel/script
writing pidfile to /Users/greendan/PycharmProjects/myTravel/script/uwsgi.pid
detected binary path: /usr/local/bin/uwsgi
!!! no internal routing support, rebuild with pcre support !!!
chdir() to /Users/greendan/PycharmProjects/myTravel
your processes number limit is 1773
your memory page size is 4096 bytes
detected max file descriptor number: 10240
building mime-types dictionary from file /etc/apache2/mime.types...1003 entry found
lock engine: OSX spinlocks
thunder lock: enabled
uWSGI http bound on 127.0.0.1:8000 fd 3
uwsgi socket 0 bound to UNIX address /Users/greendan/PycharmProjects/myTravel/script/uwsgi.sock fd 6
Python version: 3.7.3 (default, Mar 27 2019, 09:23:39)  [Clang 10.0.0 (clang-1000.11.45.5)]
Python main interpreter initialized at 0x7fc6edc0be50
python threads support enabled
your server socket listen backlog is limited to 100 connections
your mercy for graceful operations on workers is 60 seconds
mapped 405400 bytes (395 KB) for 4 cores
*** Operational MODE: preforking ***
unable to load app 0 (mountpoint='') (callable not found or import error)
*** no app loaded. going in full dynamic mode ***
*** uWSGI is running in multiple interpreter mode ***
spawned uWSGI master process (pid: 669)
spawned uWSGI worker 1 (pid: 696, cores: 1)
spawned uWSGI worker 2 (pid: 697, cores: 1)
spawned uWSGI worker 3 (pid: 698, cores: 1)
spawned uWSGI worker 4 (pid: 699, cores: 1)
spawned uWSGI http 1 (pid: 700)
--- no python application found, check your startup logs for errors ---
[pid: 696|app: -1|req: -1/1] 127.0.0.1 () {40 vars in 938 bytes} [Fri May 24 17:03:34 2019] GET / => generated 21 bytes in 0 msecs (HTTP/1.1 500) 2 headers in 83 bytes (0 switches on core 0)
--- no python application found, check your startup logs for errors ---
[pid: 696|app: -1|req: -1/2] 127.0.0.1 () {42 vars in 906 bytes} [Fri May 24 17:03:34 2019] GET /favicon.ico => generated 21 bytes in 0 msecs (HTTP/1.1 500) 2 headers in 83 bytes (0 switches on core 0)
--- no python application found, check your startup logs for errors ---
[pid: 696|app: -1|req: -1/3] 127.0.0.1 () {40 vars in 938 bytes} [Fri May 24 17:03:35 2019] GET / => generated 21 bytes in 0 msecs (HTTP/1.1 500) 2 headers in 83 bytes (0 switches on core 0)
--- no python application found, check your startup logs for errors ---
[pid: 696|app: -1|req: -1/4] 127.0.0.1 () {42 vars in 906 bytes} [Fri May 24 17:03:35 2019] GET /favicon.ico => generated 21 bytes in 0 msecs (HTTP/1.1 500) 2 headers in 83 bytes (0 switches on core 0)
--- no python application found, check your startup logs for errors ---
[pid: 696|app: -1|req: -1/5] 127.0.0.1 () {40 vars in 938 bytes} [Fri May 24 17:04:13 2019] GET / => generated 21 bytes in 0 msecs (HTTP/1.1 500) 2 headers in 83 bytes (0 switches on core 0)
--- no python application found, check your startup logs for errors ---
[pid: 696|app: -1|req: -1/6] 127.0.0.1 () {42 vars in 906 bytes} [Fri May 24 17:04:13 2019] GET /favicon.ico => generated 21 bytes in 0 msecs (HTTP/1.1 500) 2 headers in 83 bytes (0 switches on core 0)
--- no python application found, check your startup logs for errors ---
[pid: 696|app: -1|req: -1/7] 127.0.0.1 () {40 vars in 938 bytes} [Fri May 24 17:04:13 2019] GET / => generated 21 bytes in 0 msecs (HTTP/1.1 500) 2 headers in 83 bytes (0 switches on core 0)
--- no python application found, check your startup logs for errors ---
[pid: 696|app: -1|req: -1/8] 127.0.0.1 () {42 vars in 906 bytes} [Fri May 24 17:04:13 2019] GET /favicon.ico => generated 21 bytes in 0 msecs (HTTP/1.1 500) 2 headers in 83 bytes (0 switches on core 0)
--- no python application found, check your startup logs for errors ---
[pid: 696|app: -1|req: -1/9] 127.0.0.1 () {40 vars in 938 bytes} [Fri May 24 17:04:14 2019] GET / => generated 21 bytes in 0 msecs (HTTP/1.1 500) 2 headers in 83 bytes (0 switches on core 0)
--- no python application found, check your startup logs for errors ---
[pid: 696|app: -1|req: -1/10] 127.0.0.1 () {42 vars in 906 bytes} [Fri May 24 17:04:14 2019] GET /favicon.ico => generated 21 bytes in 0 msecs (HTTP/1.1 500) 2 headers in 83 bytes (0 switches on core 0)
--- no python application found, check your startup logs for errors ---
[pid: 696|app: -1|req: -1/11] 127.0.0.1 () {38 vars in 743 bytes} [Fri May 24 17:04:49 2019] GET / => generated 21 bytes in 0 msecs (HTTP/1.1 500) 2 headers in 83 bytes (0 switches on core 0)
--- no python application found, check your startup logs for errors ---
[pid: 696|app: -1|req: -1/12] 127.0.0.1 () {40 vars in 930 bytes} [Fri May 24 17:05:42 2019] GET / => generated 21 bytes in 0 msecs (HTTP/1.1 500) 2 headers in 83 bytes (0 switches on core 0)
--- no python application found, check your startup logs for errors ---
[pid: 696|app: -1|req: -1/13] 127.0.0.1 () {38 vars in 852 bytes} [Fri May 24 17:05:42 2019] GET /favicon.ico => generated 21 bytes in 0 msecs (HTTP/1.1 500) 2 headers in 83 bytes (0 switches on core 0)
*** Starting uWSGI 2.0.18 (64bit) on [Fri May 24 17:16:44 2019] ***
compiled with version: 4.2.1 Compatible Apple LLVM 9.1.0 (clang-902.0.39.2) on 19 April 2019 16:11:36
os: Darwin-17.7.0 Darwin Kernel Version 17.7.0: Thu Jun 21 22:53:14 PDT 2018; root:xnu-4570.71.2~1/RELEASE_X86_64
nodename: GreenDandeMBP
machine: x86_64
clock source: unix
detected number of CPU cores: 4
current working directory: /Users/greendan/PycharmProjects/myTravel/script
writing pidfile to /Users/greendan/PycharmProjects/myTravel/script/uwsgi.pid
detected binary path: /usr/local/bin/uwsgi
!!! no internal routing support, rebuild with pcre support !!!
chdir() to /Users/greendan/PycharmProjects/myTravel
your processes number limit is 1773
your memory page size is 4096 bytes
detected max file descriptor number: 10240
building mime-types dictionary from file /etc/apache2/mime.types...1003 entry found
lock engine: OSX spinlocks
thunder lock: enabled
probably another instance of uWSGI is running on the same address (127.0.0.1:8080).
bind(): Address already in use [core/socket.c line 769]
--- no python application found, check your startup logs for errors ---
[pid: 696|app: -1|req: -1/14] 127.0.0.1 () {38 vars in 742 bytes} [Fri May 24 17:17:25 2019] GET / => generated 21 bytes in 0 msecs (HTTP/1.1 500) 2 headers in 83 bytes (0 switches on core 0)
gateway "uWSGI http 1" has been buried (pid: 700)
...brutally killing workers...
worker 4 buried after 1 seconds
worker 3 buried after 1 seconds
worker 2 buried after 1 seconds
[deadlock-detector] pid 696 was holding lock thunder (0x105ce5000)
worker 1 buried after 1 seconds
binary reloading uWSGI...
chdir() to /Users/greendan/PycharmProjects/myTravel/script
closing all non-uwsgi socket fds > 2 (max_fd = 10240)...
found fd 6 mapped to socket 0 (/Users/greendan/PycharmProjects/myTravel/script/uwsgi.sock)
running /usr/local/bin/uwsgi
[uWSGI] getting INI configuration from uwsgi.ini
*** Starting uWSGI 2.0.18 (64bit) on [Fri May 24 17:40:57 2019] ***
compiled with version: 4.2.1 Compatible Apple LLVM 9.1.0 (clang-902.0.39.2) on 19 April 2019 16:11:36
os: Darwin-17.7.0 Darwin Kernel Version 17.7.0: Thu Jun 21 22:53:14 PDT 2018; root:xnu-4570.71.2~1/RELEASE_X86_64
nodename: GreenDandeMBP
machine: x86_64
clock source: unix
detected number of CPU cores: 4
current working directory: /Users/greendan/PycharmProjects/myTravel/script
detected binary path: /usr/local/bin/uwsgi
!!! no internal routing support, rebuild with pcre support !!!
chdir() to /Users/greendan/PycharmProjects/myTravel
your processes number limit is 1773
your memory page size is 4096 bytes
detected max file descriptor number: 10240
lock engine: OSX spinlocks
thunder lock: disabled (you can enable it with --thunder-lock)
probably another instance of uWSGI is running on the same address (127.0.0.1:3031).
bind(): Address already in use [core/socket.c line 769]
